DEBUG:urllib3.connectionpool:Starting new HTTPS connection (1): bbl-sea-apim-p.azure-api.net:443
DEBUG:urllib3.connectionpool:https://bbl-sea-apim-p.azure-api.net:443 "GET /api/ExchangeRateService/GetDateTimeLastUpdate HTTP/1.1" 200 None
DEBUG:urllib3.connectionpool:Starting new HTTPS connection (1): bbl-sea-apim-p.azure-api.net:443
DEBUG:urllib3.connectionpool:https://bbl-sea-apim-p.azure-api.net:443 "GET /api/ExchangeRateService/GetDateTimeLastUpdate HTTP/1.1" 200 None
DEBUG:root:LAST BANGKOKBANK UPDATE RATE ['09', '03', '2023'] - 10:40     
DEBUG:urllib3.connectionpool:Starting new HTTPS connection (1): bbl-sea-apim-p.azure-api.net:443
DEBUG:urllib3.connectionpool:https://bbl-sea-apim-p.azure-api.net:443 "GET /api/ExchangeRateService/GetChartfxrates/09/03/2023/9/3/2023/USD50/en HTTP/1.1" 200 317
DEBUG:root:T-T RATE LAST UPDATE 34.92     
INFO:tinkoff.invest.logging:6409644a502e0c01a192e045a8627f2e GetInfo
INFO:tinkoff.invest.logging:6409644bd4f109f9c0b40cc0e8e0d716 Shares
INFO:tinkoff.invest.logging:6409644e48341a1138153d3787309841 Bonds
INFO:tinkoff.invest.logging:640964502bb6a3f2dd5eb0c4adec5fdc Etfs
INFO:tinkoff.invest.logging:64096450440d61752bdf7415d73a8ca4 Currencies
INFO:tinkoff.invest.logging:64096451a6e02701a70f6a9a40778461 Futures
DEBUG:root:ALL FIGI'S LIST HAVE BEEN FOUND
DEBUG:root:CANDLES INFO FOR USD HAVE BEEN FOUND
INFO:tinkoff.invest.logging:6409645388c65dad91d603bba073455c GetInfo
INFO:tinkoff.invest.logging:6405b98cd41dcb64d5f4bc7b2398617e GetCandles
DEBUG:root:CANDLES INFO FOR FIGI BBG0013HGFT4 HAVE BEEN FOUND
DEBUG:root:RATES HAVE BEEN RECEIVED
DEBUG:root:GET RATE WAS ACCOMPLISHED. MAX RATE: 76
DEBUG:root:CANDLES INFO FOR USD HAVE BEEN FOUND
INFO:tinkoff.invest.logging:64096455e9e1107397a10ef4586d521d GetInfo
INFO:tinkoff.invest.logging:6405b1277bddb5e03ab08cf9354ef7ae GetCandles
DEBUG:root:CANDLES INFO FOR FIGI BBG0013HGFT4 HAVE BEEN FOUND
DEBUG:root:RATES HAVE BEEN RECEIVED
DEBUG:root:GET RATE WAS ACCOMPLISHED. MAX RATE: 76
DEBUG:urllib3.connectionpool:Starting new HTTPS connection (1): api.telegram.org:443
DEBUG:urllib3.connectionpool:https://api.telegram.org:443 "GET /bot5479085555:AAHAClosZ4WJBOzHYCj2OHP56yoyRDiQQRA/deleteWebhook HTTP/1.1" 200 68
DEBUG:urllib3.connectionpool:Starting new HTTPS connection (1): api.telegram.org:443
DEBUG:urllib3.connectionpool:https://api.telegram.org:443 "GET /bot5479085555:AAHAClosZ4WJBOzHYCj2OHP56yoyRDiQQRA/getUpdates?offset=1&timeout=20 HTTP/1.1" 200 411
ERROR:TeleBot:Infinity polling exception: send_all_info() missing 1 required positional argument: 'message'
ERROR:TeleBot:Exception traceback:
Traceback (most recent call last):
  File "C:\ZDV Telebot\telebot_heroku_test\venv\lib\site-packages\telebot\__init__.py", line 874, in infinity_polling
    self.polling(non_stop=True, timeout=timeout, long_polling_timeout=long_polling_timeout,
  File "C:\ZDV Telebot\telebot_heroku_test\venv\lib\site-packages\telebot\__init__.py", line 946, in polling
    self.__threaded_polling(non_stop=non_stop, interval=interval, timeout=timeout, long_polling_timeout=long_polling_timeout,
  File "C:\ZDV Telebot\telebot_heroku_test\venv\lib\site-packages\telebot\__init__.py", line 1021, in __threaded_polling
    raise e
  File "C:\ZDV Telebot\telebot_heroku_test\venv\lib\site-packages\telebot\__init__.py", line 977, in __threaded_polling
    self.worker_pool.raise_exceptions()
  File "C:\ZDV Telebot\telebot_heroku_test\venv\lib\site-packages\telebot\util.py", line 154, in raise_exceptions
    raise self.exception_info
  File "C:\ZDV Telebot\telebot_heroku_test\venv\lib\site-packages\telebot\util.py", line 98, in run
    task(*args, **kwargs)
TypeError: send_all_info() missing 1 required positional argument: 'message'

DEBUG:urllib3.connectionpool:Starting new HTTPS connection (1): api.telegram.org:443
DEBUG:urllib3.connectionpool:https://api.telegram.org:443 "GET /bot5479085555:AAHAClosZ4WJBOzHYCj2OHP56yoyRDiQQRA/getUpdates?offset=129756628&timeout=20 HTTP/1.1" 409 143
DEBUG:urllib3.connectionpool:https://api.telegram.org:443 "GET /bot5479085555:AAHAClosZ4WJBOzHYCj2OHP56yoyRDiQQRA/getUpdates?offset=129756628&timeout=20 HTTP/1.1" 200 23
DEBUG:urllib3.connectionpool:https://api.telegram.org:443 "GET /bot5479085555:AAHAClosZ4WJBOzHYCj2OHP56yoyRDiQQRA/getUpdates?offset=129756628&timeout=20 HTTP/1.1" 200 23
DEBUG:urllib3.connectionpool:https://api.telegram.org:443 "GET /bot5479085555:AAHAClosZ4WJBOzHYCj2OHP56yoyRDiQQRA/getUpdates?offset=129756628&timeout=20 HTTP/1.1" 200 23
DEBUG:urllib3.connectionpool:https://api.telegram.org:443 "GET /bot5479085555:AAHAClosZ4WJBOzHYCj2OHP56yoyRDiQQRA/getUpdates?offset=129756628&timeout=20 HTTP/1.1" 200 23
DEBUG:urllib3.connectionpool:https://api.telegram.org:443 "GET /bot5479085555:AAHAClosZ4WJBOzHYCj2OHP56yoyRDiQQRA/getUpdates?offset=129756628&timeout=20 HTTP/1.1" 200 23
DEBUG:urllib3.connectionpool:https://api.telegram.org:443 "GET /bot5479085555:AAHAClosZ4WJBOzHYCj2OHP56yoyRDiQQRA/getUpdates?offset=129756628&timeout=20 HTTP/1.1" 200 23
DEBUG:urllib3.connectionpool:https://api.telegram.org:443 "GET /bot5479085555:AAHAClosZ4WJBOzHYCj2OHP56yoyRDiQQRA/getUpdates?offset=129756628&timeout=20 HTTP/1.1" 200 23
DEBUG:urllib3.connectionpool:https://api.telegram.org:443 "GET /bot5479085555:AAHAClosZ4WJBOzHYCj2OHP56yoyRDiQQRA/getUpdates?offset=129756628&timeout=20 HTTP/1.1" 200 23
DEBUG:urllib3.connectionpool:https://api.telegram.org:443 "GET /bot5479085555:AAHAClosZ4WJBOzHYCj2OHP56yoyRDiQQRA/getUpdates?offset=129756628&timeout=20 HTTP/1.1" 200 23
DEBUG:urllib3.connectionpool:https://api.telegram.org:443 "GET /bot5479085555:AAHAClosZ4WJBOzHYCj2OHP56yoyRDiQQRA/getUpdates?offset=129756628&timeout=20 HTTP/1.1" 200 23
DEBUG:urllib3.connectionpool:https://api.telegram.org:443 "GET /bot5479085555:AAHAClosZ4WJBOzHYCj2OHP56yoyRDiQQRA/getUpdates?offset=129756628&timeout=20 HTTP/1.1" 200 23
DEBUG:urllib3.connectionpool:https://api.telegram.org:443 "GET /bot5479085555:AAHAClosZ4WJBOzHYCj2OHP56yoyRDiQQRA/getUpdates?offset=129756628&timeout=20 HTTP/1.1" 200 23
DEBUG:urllib3.connectionpool:https://api.telegram.org:443 "GET /bot5479085555:AAHAClosZ4WJBOzHYCj2OHP56yoyRDiQQRA/getUpdates?offset=129756628&timeout=20 HTTP/1.1" 200 23
DEBUG:urllib3.connectionpool:https://api.telegram.org:443 "GET /bot5479085555:AAHAClosZ4WJBOzHYCj2OHP56yoyRDiQQRA/getUpdates?offset=129756628&timeout=20 HTTP/1.1" 200 23
DEBUG:urllib3.connectionpool:https://api.telegram.org:443 "GET /bot5479085555:AAHAClosZ4WJBOzHYCj2OHP56yoyRDiQQRA/getUpdates?offset=129756628&timeout=20 HTTP/1.1" 200 23
DEBUG:urllib3.connectionpool:https://api.telegram.org:443 "GET /bot5479085555:AAHAClosZ4WJBOzHYCj2OHP56yoyRDiQQRA/getUpdates?offset=129756628&timeout=20 HTTP/1.1" 200 23
DEBUG:urllib3.connectionpool:https://api.telegram.org:443 "GET /bot5479085555:AAHAClosZ4WJBOzHYCj2OHP56yoyRDiQQRA/getUpdates?offset=129756628&timeout=20 HTTP/1.1" 200 23
DEBUG:urllib3.connectionpool:https://api.telegram.org:443 "GET /bot5479085555:AAHAClosZ4WJBOzHYCj2OHP56yoyRDiQQRA/getUpdates?offset=129756628&timeout=20 HTTP/1.1" 200 23
DEBUG:urllib3.connectionpool:https://api.telegram.org:443 "GET /bot5479085555:AAHAClosZ4WJBOzHYCj2OHP56yoyRDiQQRA/getUpdates?offset=129756628&timeout=20 HTTP/1.1" 200 23
DEBUG:urllib3.connectionpool:https://api.telegram.org:443 "GET /bot5479085555:AAHAClosZ4WJBOzHYCj2OHP56yoyRDiQQRA/getUpdates?offset=129756628&timeout=20 HTTP/1.1" 200 23
DEBUG:urllib3.connectionpool:https://api.telegram.org:443 "GET /bot5479085555:AAHAClosZ4WJBOzHYCj2OHP56yoyRDiQQRA/getUpdates?offset=129756628&timeout=20 HTTP/1.1" 200 23
DEBUG:urllib3.connectionpool:https://api.telegram.org:443 "GET /bot5479085555:AAHAClosZ4WJBOzHYCj2OHP56yoyRDiQQRA/getUpdates?offset=129756628&timeout=20 HTTP/1.1" 200 23
DEBUG:urllib3.connectionpool:https://api.telegram.org:443 "GET /bot5479085555:AAHAClosZ4WJBOzHYCj2OHP56yoyRDiQQRA/getUpdates?offset=129756628&timeout=20 HTTP/1.1" 200 23
DEBUG:urllib3.connectionpool:https://api.telegram.org:443 "GET /bot5479085555:AAHAClosZ4WJBOzHYCj2OHP56yoyRDiQQRA/getUpdates?offset=129756628&timeout=20 HTTP/1.1" 200 23
DEBUG:urllib3.connectionpool:https://api.telegram.org:443 "GET /bot5479085555:AAHAClosZ4WJBOzHYCj2OHP56yoyRDiQQRA/getUpdates?offset=129756628&timeout=20 HTTP/1.1" 200 23
DEBUG:urllib3.connectionpool:https://api.telegram.org:443 "GET /bot5479085555:AAHAClosZ4WJBOzHYCj2OHP56yoyRDiQQRA/getUpdates?offset=129756628&timeout=20 HTTP/1.1" 200 23
DEBUG:urllib3.connectionpool:https://api.telegram.org:443 "GET /bot5479085555:AAHAClosZ4WJBOzHYCj2OHP56yoyRDiQQRA/getUpdates?offset=129756628&timeout=20 HTTP/1.1" 200 23
DEBUG:urllib3.connectionpool:https://api.telegram.org:443 "GET /bot5479085555:AAHAClosZ4WJBOzHYCj2OHP56yoyRDiQQRA/getUpdates?offset=129756628&timeout=20 HTTP/1.1" 200 23
DEBUG:urllib3.connectionpool:https://api.telegram.org:443 "GET /bot5479085555:AAHAClosZ4WJBOzHYCj2OHP56yoyRDiQQRA/getUpdates?offset=129756628&timeout=20 HTTP/1.1" 200 23
DEBUG:urllib3.connectionpool:https://api.telegram.org:443 "GET /bot5479085555:AAHAClosZ4WJBOzHYCj2OHP56yoyRDiQQRA/getUpdates?offset=129756628&timeout=20 HTTP/1.1" 200 23
DEBUG:urllib3.connectionpool:Starting new HTTPS connection (1): api.telegram.org:443
DEBUG:urllib3.connectionpool:https://api.telegram.org:443 "GET /bot5479085555:AAHAClosZ4WJBOzHYCj2OHP56yoyRDiQQRA/getUpdates?offset=129756628&timeout=20 HTTP/1.1" 200 23
DEBUG:urllib3.connectionpool:Starting new HTTPS connection (1): api.telegram.org:443
DEBUG:urllib3.connectionpool:https://api.telegram.org:443 "GET /bot5479085555:AAHAClosZ4WJBOzHYCj2OHP56yoyRDiQQRA/deleteWebhook HTTP/1.1" 200 68
DEBUG:urllib3.connectionpool:Starting new HTTPS connection (1): api.telegram.org:443
DEBUG:urllib3.connectionpool:https://api.telegram.org:443 "GET /bot5479085555:AAHAClosZ4WJBOzHYCj2OHP56yoyRDiQQRA/getUpdates?offset=1&timeout=20 HTTP/1.1" 200 412
DEBUG:urllib3.connectionpool:Starting new HTTPS connection (1): bbl-sea-apim-p.azure-api.net:443
DEBUG:urllib3.connectionpool:https://bbl-sea-apim-p.azure-api.net:443 "GET /api/ExchangeRateService/GetDateTimeLastUpdate HTTP/1.1" 200 None
DEBUG:root:LAST BANGKOKBANK UPDATE RATE ['20', '03', '2023'] - 12:00     
DEBUG:urllib3.connectionpool:Starting new HTTPS connection (1): bbl-sea-apim-p.azure-api.net:443
DEBUG:urllib3.connectionpool:https://bbl-sea-apim-p.azure-api.net:443 "GET /api/ExchangeRateService/GetChartfxrates/20/03/2023/20/3/2023/USD50/en HTTP/1.1" 200 365
DEBUG:root:T-T RATE LAST UPDATE 34.00     
DEBUG:root:CANDLES INFO FOR USD HAVE BEEN FOUND
INFO:tinkoff.invest.logging:6417f729d3e87b9e6bf85397133af282 GetInfo
INFO:tinkoff.invest.logging:640af2fcf592ca3ba0af8551344c47b7 GetCandles
DEBUG:root:CANDLES INFO FOR FIGI BBG0013HGFT4 HAVE BEEN FOUND
DEBUG:root:RATES HAVE BEEN RECEIVED
DEBUG:root:GET RATE WAS ACCOMPLISHED. MAX RATE: 77
DEBUG:urllib3.connectionpool:Starting new HTTPS connection (1): api.telegram.org:443
DEBUG:urllib3.connectionpool:https://api.telegram.org:443 "POST /bot5479085555:AAHAClosZ4WJBOzHYCj2OHP56yoyRDiQQRA/sendMessage?chat_id=536853300&text=USD+++%3A+77.035%0AUSD+ema%3A+77.04%0AUpdate+%3A+09%3A00++20%2F03%2F2023%0A%0ATHB+++++++++%3A+34.00+++++%0AUpdate%3A+12%3A00++++++20%2F03%2F2023%0A%0ARUB+%2F+THB+++%3A+2.39%0ARUB+%2F+THB%2A++%3A+2.44%0A HTTP/1.1" 200 524
DEBUG:urllib3.connectionpool:Starting new HTTPS connection (1): api.telegram.org:443
DEBUG:urllib3.connectionpool:https://api.telegram.org:443 "GET /bot5479085555:AAHAClosZ4WJBOzHYCj2OHP56yoyRDiQQRA/deleteWebhook HTTP/1.1" 200 68
DEBUG:urllib3.connectionpool:Starting new HTTPS connection (1): api.telegram.org:443
DEBUG:urllib3.connectionpool:https://api.telegram.org:443 "GET /bot5479085555:AAHAClosZ4WJBOzHYCj2OHP56yoyRDiQQRA/getUpdates?offset=1&timeout=20 HTTP/1.1" 200 411
DEBUG:urllib3.connectionpool:Starting new HTTPS connection (1): bbl-sea-apim-p.azure-api.net:443
DEBUG:urllib3.connectionpool:https://bbl-sea-apim-p.azure-api.net:443 "GET /api/ExchangeRateService/GetDateTimeLastUpdate HTTP/1.1" 200 None
DEBUG:root:LAST BANGKOKBANK UPDATE RATE ['20', '03', '2023'] - 12:00     
DEBUG:urllib3.connectionpool:Starting new HTTPS connection (1): bbl-sea-apim-p.azure-api.net:443
DEBUG:urllib3.connectionpool:https://bbl-sea-apim-p.azure-api.net:443 "GET /api/ExchangeRateService/GetChartfxrates/20/03/2023/20/3/2023/USD50/en HTTP/1.1" 200 365
DEBUG:root:T-T RATE LAST UPDATE 34.00     
DEBUG:root:CANDLES INFO FOR USD HAVE BEEN FOUND
INFO:tinkoff.invest.logging:6417fa71db25e97e819f63297cc275f7 GetInfo
INFO:tinkoff.invest.logging:640afc1fdee93d3a8ac9fe08467342b1 GetCandles
DEBUG:root:CANDLES INFO FOR FIGI BBG0013HGFT4 HAVE BEEN FOUND
DEBUG:root:RATES HAVE BEEN RECEIVED
DEBUG:root:GET RATE WAS ACCOMPLISHED. MAX RATE: 77
DEBUG:urllib3.connectionpool:Starting new HTTPS connection (1): api.telegram.org:443
DEBUG:urllib3.connectionpool:https://api.telegram.org:443 "POST /bot5479085555:AAHAClosZ4WJBOzHYCj2OHP56yoyRDiQQRA/sendMessage?chat_id=536853300&text=USD+++%3A+77.035%0AUSD+ema%3A+77.04%0AUpdate+%3A+09%3A00++20%2F03%2F2023%0A%0ATHB+++++++++%3A+34.00+++++%0AUpdate%3A+12%3A00++++++20%2F03%2F2023%0A%0ARUB+%2F+THB+++%3A+2.39%0ARUB+%2F+THB%2A++%3A+2.44%0A HTTP/1.1" 200 524
DEBUG:urllib3.connectionpool:https://api.telegram.org:443 "GET /bot5479085555:AAHAClosZ4WJBOzHYCj2OHP56yoyRDiQQRA/getUpdates?offset=129756630&timeout=20 HTTP/1.1" 200 352
DEBUG:urllib3.connectionpool:https://api.telegram.org:443 "GET /bot5479085555:AAHAClosZ4WJBOzHYCj2OHP56yoyRDiQQRA/getUpdates?offset=129756631&timeout=20 HTTP/1.1" 200 411
DEBUG:urllib3.connectionpool:Starting new HTTPS connection (1): api.telegram.org:443
DEBUG:urllib3.connectionpool:https://api.telegram.org:443 "POST /bot5479085555:AAHAClosZ4WJBOzHYCj2OHP56yoyRDiQQRA/sendMessage?chat_id=536853300&text=test_response HTTP/1.1" 200 378
DEBUG:urllib3.connectionpool:https://api.telegram.org:443 "GET /bot5479085555:AAHAClosZ4WJBOzHYCj2OHP56yoyRDiQQRA/getUpdates?offset=129756632&timeout=20 HTTP/1.1" 200 410
DEBUG:urllib3.connectionpool:https://api.telegram.org:443 "POST /bot5479085555:AAHAClosZ4WJBOzHYCj2OHP56yoyRDiQQRA/sendMessage?chat_id=536853300&text=USD+++%3A+77.035%0AUSD+ema%3A+77.04%0AUpdate+%3A+09%3A00++20%2F03%2F2023%0A%0A HTTP/1.1" 200 423
DEBUG:urllib3.connectionpool:https://api.telegram.org:443 "GET /bot5479085555:AAHAClosZ4WJBOzHYCj2OHP56yoyRDiQQRA/getUpdates?offset=129756633&timeout=20 HTTP/1.1" 200 410
DEBUG:urllib3.connectionpool:https://api.telegram.org:443 "POST /bot5479085555:AAHAClosZ4WJBOzHYCj2OHP56yoyRDiQQRA/sendMessage?chat_id=536853300&text=THB+++++++++%3A+34.00+++++%0AUpdate%3A+12%3A00++++++20%2F03%2F2023%0A%0A HTTP/1.1" 200 420
DEBUG:urllib3.connectionpool:https://api.telegram.org:443 "GET /bot5479085555:AAHAClosZ4WJBOzHYCj2OHP56yoyRDiQQRA/getUpdates?offset=129756634&timeout=20 HTTP/1.1" 200 350
DEBUG:urllib3.connectionpool:https://api.telegram.org:443 "POST /bot5479085555:AAHAClosZ4WJBOzHYCj2OHP56yoyRDiQQRA/sendMessage?chat_id=536853300&text=RUB+%2F+THB+++%3A+2.39%0ARUB+%2F+THB%2A++%3A+2.44%0A HTTP/1.1" 200 403
DEBUG:urllib3.connectionpool:https://api.telegram.org:443 "GET /bot5479085555:AAHAClosZ4WJBOzHYCj2OHP56yoyRDiQQRA/getUpdates?offset=129756635&timeout=20 HTTP/1.1" 200 409
DEBUG:urllib3.connectionpool:https://api.telegram.org:443 "POST /bot5479085555:AAHAClosZ4WJBOzHYCj2OHP56yoyRDiQQRA/sendMessage?chat_id=536853300&text=%21%21%21%21%21%21Enter+yor+rate+or+skip%21%21%21%21%21%21%21 HTTP/1.1" 200 400
DEBUG:urllib3.connectionpool:https://api.telegram.org:443 "GET /bot5479085555:AAHAClosZ4WJBOzHYCj2OHP56yoyRDiQQRA/getUpdates?offset=129756636&timeout=20 HTTP/1.1" 200 351
DEBUG:urllib3.connectionpool:https://api.telegram.org:443 "POST /bot5479085555:AAHAClosZ4WJBOzHYCj2OHP56yoyRDiQQRA/sendMessage?chat_id=536853300&text=Ready+to+convert+with+rate+2.6%0AEnter+amount+of+money+with+THB+to+RUB+in+the+end HTTP/1.1" 200 445
DEBUG:urllib3.connectionpool:https://api.telegram.org:443 "GET /bot5479085555:AAHAClosZ4WJBOzHYCj2OHP56yoyRDiQQRA/getUpdates?offset=129756637&timeout=20 HTTP/1.1" 200 355
DEBUG:urllib3.connectionpool:https://api.telegram.org:443 "POST /bot5479085555:AAHAClosZ4WJBOzHYCj2OHP56yoyRDiQQRA/sendMessage?chat_id=536853300&text=I+will+convert+THB+to+RUB%0A1500THB+%3D+3900.0RUB HTTP/1.1" 200 411
DEBUG:urllib3.connectionpool:https://api.telegram.org:443 "GET /bot5479085555:AAHAClosZ4WJBOzHYCj2OHP56yoyRDiQQRA/getUpdates?offset=129756638&timeout=20 HTTP/1.1" 200 355
DEBUG:urllib3.connectionpool:https://api.telegram.org:443 "POST /bot5479085555:AAHAClosZ4WJBOzHYCj2OHP56yoyRDiQQRA/sendMessage?chat_id=536853300&text=I+will+convert+RUB+to+THB%0A1500RUB+%3D+576.92THB HTTP/1.1" 200 411
DEBUG:urllib3.connectionpool:https://api.telegram.org:443 "GET /bot5479085555:AAHAClosZ4WJBOzHYCj2OHP56yoyRDiQQRA/getUpdates?offset=129756639&timeout=20 HTTP/1.1" 200 410
DEBUG:urllib3.connectionpool:https://api.telegram.org:443 "POST /bot5479085555:AAHAClosZ4WJBOzHYCj2OHP56yoyRDiQQRA/sendMessage?chat_id=536853300&text=Incorrect+Input HTTP/1.1" 200 380
ERROR:TeleBot:Infinity polling exception: name 'get_money_value' is not defined
ERROR:TeleBot:Exception traceback:
Traceback (most recent call last):
  File "C:\ZDV Telebot\telebot_heroku_test\venv\lib\site-packages\telebot\__init__.py", line 874, in infinity_polling
    self.polling(non_stop=True, timeout=timeout, long_polling_timeout=long_polling_timeout,
  File "C:\ZDV Telebot\telebot_heroku_test\venv\lib\site-packages\telebot\__init__.py", line 946, in polling
    self.__threaded_polling(non_stop=non_stop, interval=interval, timeout=timeout, long_polling_timeout=long_polling_timeout,
  File "C:\ZDV Telebot\telebot_heroku_test\venv\lib\site-packages\telebot\__init__.py", line 1021, in __threaded_polling
    raise e
  File "C:\ZDV Telebot\telebot_heroku_test\venv\lib\site-packages\telebot\__init__.py", line 977, in __threaded_polling
    self.worker_pool.raise_exceptions()
  File "C:\ZDV Telebot\telebot_heroku_test\venv\lib\site-packages\telebot\util.py", line 154, in raise_exceptions
    raise self.exception_info
  File "C:\ZDV Telebot\telebot_heroku_test\venv\lib\site-packages\telebot\util.py", line 98, in run
    task(*args, **kwargs)
  File "C:/ZDV Telebot/telebot_heroku_test/telebot_from_computer.py", line 153, in get_money_value
    self.bot.register_next_step_handler(message, get_money_value)
NameError: name 'get_money_value' is not defined

DEBUG:urllib3.connectionpool:Starting new HTTPS connection (1): api.telegram.org:443
DEBUG:urllib3.connectionpool:https://api.telegram.org:443 "GET /bot5479085555:AAHAClosZ4WJBOzHYCj2OHP56yoyRDiQQRA/getUpdates?offset=129756640&timeout=20 HTTP/1.1" 409 143
DEBUG:urllib3.connectionpool:https://api.telegram.org:443 "GET /bot5479085555:AAHAClosZ4WJBOzHYCj2OHP56yoyRDiQQRA/getUpdates?offset=129756640&timeout=20 HTTP/1.1" 200 23
DEBUG:urllib3.connectionpool:https://api.telegram.org:443 "GET /bot5479085555:AAHAClosZ4WJBOzHYCj2OHP56yoyRDiQQRA/getUpdates?offset=129756640&timeout=20 HTTP/1.1" 200 23
DEBUG:urllib3.connectionpool:https://api.telegram.org:443 "GET /bot5479085555:AAHAClosZ4WJBOzHYCj2OHP56yoyRDiQQRA/getUpdates?offset=129756640&timeout=20 HTTP/1.1" 200 351
DEBUG:urllib3.connectionpool:https://api.telegram.org:443 "GET /bot5479085555:AAHAClosZ4WJBOzHYCj2OHP56yoyRDiQQRA/getUpdates?offset=129756641&timeout=20 HTTP/1.1" 200 23
DEBUG:urllib3.connectionpool:Starting new HTTPS connection (1): api.telegram.org:443
DEBUG:urllib3.connectionpool:https://api.telegram.org:443 "GET /bot5479085555:AAHAClosZ4WJBOzHYCj2OHP56yoyRDiQQRA/deleteWebhook HTTP/1.1" 200 68
DEBUG:urllib3.connectionpool:Starting new HTTPS connection (1): api.telegram.org:443
DEBUG:urllib3.connectionpool:https://api.telegram.org:443 "GET /bot5479085555:AAHAClosZ4WJBOzHYCj2OHP56yoyRDiQQRA/getUpdates?offset=1&timeout=20 HTTP/1.1" 200 410
DEBUG:urllib3.connectionpool:Starting new HTTPS connection (1): bbl-sea-apim-p.azure-api.net:443
DEBUG:urllib3.connectionpool:https://bbl-sea-apim-p.azure-api.net:443 "GET /api/ExchangeRateService/GetDateTimeLastUpdate HTTP/1.1" 200 None
DEBUG:root:LAST BANGKOKBANK UPDATE RATE ['20', '03', '2023'] - 12:00     
DEBUG:urllib3.connectionpool:Starting new HTTPS connection (1): bbl-sea-apim-p.azure-api.net:443
DEBUG:urllib3.connectionpool:https://bbl-sea-apim-p.azure-api.net:443 "GET /api/ExchangeRateService/GetChartfxrates/20/03/2023/20/3/2023/USD50/en HTTP/1.1" 200 365
DEBUG:root:T-T RATE LAST UPDATE 34.00     
DEBUG:urllib3.connectionpool:Starting new HTTPS connection (1): api.telegram.org:443
DEBUG:urllib3.connectionpool:https://api.telegram.org:443 "POST /bot5479085555:AAHAClosZ4WJBOzHYCj2OHP56yoyRDiQQRA/sendMessage?chat_id=536853300&text=THB+++++++++%3A+34.00+++++%0AUpdate%3A+12%3A00++++++20%2F03%2F2023%0A%0A HTTP/1.1" 200 420
DEBUG:urllib3.connectionpool:https://api.telegram.org:443 "GET /bot5479085555:AAHAClosZ4WJBOzHYCj2OHP56yoyRDiQQRA/getUpdates?offset=129756642&timeout=20 HTTP/1.1" 200 350
DEBUG:root:CANDLES INFO FOR USD HAVE BEEN FOUND
INFO:tinkoff.invest.logging:6417fb29521e233795d62b94a9c2a5ff GetInfo
INFO:tinkoff.invest.logging:63ffff092c9d14231eca0e7230e6f136 GetCandles
DEBUG:root:CANDLES INFO FOR FIGI BBG0013HGFT4 HAVE BEEN FOUND
DEBUG:root:RATES HAVE BEEN RECEIVED
DEBUG:root:GET RATE WAS ACCOMPLISHED. MAX RATE: 77
DEBUG:urllib3.connectionpool:https://api.telegram.org:443 "POST /bot5479085555:AAHAClosZ4WJBOzHYCj2OHP56yoyRDiQQRA/sendMessage?chat_id=536853300&text=RUB+%2F+THB+++%3A+2.39%0ARUB+%2F+THB%2A++%3A+2.44%0A HTTP/1.1" 200 403
DEBUG:urllib3.connectionpool:https://api.telegram.org:443 "GET /bot5479085555:AAHAClosZ4WJBOzHYCj2OHP56yoyRDiQQRA/getUpdates?offset=129756643&timeout=20 HTTP/1.1" 200 409
DEBUG:urllib3.connectionpool:https://api.telegram.org:443 "POST /bot5479085555:AAHAClosZ4WJBOzHYCj2OHP56yoyRDiQQRA/sendMessage?chat_id=536853300&text=%21%21%21%21%21%21Enter+yor+rate+or+skip%21%21%21%21%21%21%21 HTTP/1.1" 200 400
DEBUG:urllib3.connectionpool:https://api.telegram.org:443 "GET /bot5479085555:AAHAClosZ4WJBOzHYCj2OHP56yoyRDiQQRA/getUpdates?offset=129756644&timeout=20 HTTP/1.1" 200 351
DEBUG:urllib3.connectionpool:Starting new HTTPS connection (1): api.telegram.org:443
DEBUG:urllib3.connectionpool:https://api.telegram.org:443 "POST /bot5479085555:AAHAClosZ4WJBOzHYCj2OHP56yoyRDiQQRA/sendMessage?chat_id=536853300&text=Ready+to+convert+with+rate+2.5%0AEnter+amount+of+money+with+THB+to+RUB+in+the+end HTTP/1.1" 200 445
DEBUG:urllib3.connectionpool:https://api.telegram.org:443 "GET /bot5479085555:AAHAClosZ4WJBOzHYCj2OHP56yoyRDiQQRA/getUpdates?offset=129756645&timeout=20 HTTP/1.1" 200 355
DEBUG:urllib3.connectionpool:https://api.telegram.org:443 "POST /bot5479085555:AAHAClosZ4WJBOzHYCj2OHP56yoyRDiQQRA/sendMessage?chat_id=536853300&text=I+will+convert+THB+to+RUB%0A1500THB+%3D+3750.0RUB HTTP/1.1" 200 411
DEBUG:urllib3.connectionpool:https://api.telegram.org:443 "GET /bot5479085555:AAHAClosZ4WJBOzHYCj2OHP56yoyRDiQQRA/getUpdates?offset=129756646&timeout=20 HTTP/1.1" 200 351
DEBUG:urllib3.connectionpool:https://api.telegram.org:443 "POST /bot5479085555:AAHAClosZ4WJBOzHYCj2OHP56yoyRDiQQRA/sendMessage?chat_id=536853300&text=Exchange+operation+have+been+done HTTP/1.1" 200 398
DEBUG:urllib3.connectionpool:https://api.telegram.org:443 "GET /bot5479085555:AAHAClosZ4WJBOzHYCj2OHP56yoyRDiQQRA/getUpdates?offset=129756647&timeout=20 HTTP/1.1" 200 351
DEBUG:urllib3.connectionpool:https://api.telegram.org:443 "GET /bot5479085555:AAHAClosZ4WJBOzHYCj2OHP56yoyRDiQQRA/getUpdates?offset=129756648&timeout=20 HTTP/1.1" 200 409
DEBUG:urllib3.connectionpool:https://api.telegram.org:443 "POST /bot5479085555:AAHAClosZ4WJBOzHYCj2OHP56yoyRDiQQRA/sendMessage?chat_id=536853300&text=%21%21%21%21%21%21Enter+yor+rate+or+skip%21%21%21%21%21%21%21 HTTP/1.1" 200 400
DEBUG:urllib3.connectionpool:https://api.telegram.org:443 "GET /bot5479085555:AAHAClosZ4WJBOzHYCj2OHP56yoyRDiQQRA/getUpdates?offset=129756649&timeout=20 HTTP/1.1" 200 351
DEBUG:urllib3.connectionpool:https://api.telegram.org:443 "POST /bot5479085555:AAHAClosZ4WJBOzHYCj2OHP56yoyRDiQQRA/sendMessage?chat_id=536853300&text=Ready+to+convert+with+rate+2.8%0AEnter+amount+of+money+with+THB+to+RUB+in+the+end HTTP/1.1" 200 445
DEBUG:urllib3.connectionpool:https://api.telegram.org:443 "GET /bot5479085555:AAHAClosZ4WJBOzHYCj2OHP56yoyRDiQQRA/getUpdates?offset=129756650&timeout=20 HTTP/1.1" 200 355
DEBUG:urllib3.connectionpool:https://api.telegram.org:443 "POST /bot5479085555:AAHAClosZ4WJBOzHYCj2OHP56yoyRDiQQRA/sendMessage?chat_id=536853300&text=I+will+convert+THB+to+RUB%0A1500THB+%3D+4200.0RUB HTTP/1.1" 200 411
DEBUG:urllib3.connectionpool:https://api.telegram.org:443 "GET /bot5479085555:AAHAClosZ4WJBOzHYCj2OHP56yoyRDiQQRA/getUpdates?offset=129756651&timeout=20 HTTP/1.1" 200 410
DEBUG:urllib3.connectionpool:https://api.telegram.org:443 "POST /bot5479085555:AAHAClosZ4WJBOzHYCj2OHP56yoyRDiQQRA/sendMessage?chat_id=536853300&text=Incorrect+Input HTTP/1.1" 200 380
DEBUG:urllib3.connectionpool:https://api.telegram.org:443 "GET /bot5479085555:AAHAClosZ4WJBOzHYCj2OHP56yoyRDiQQRA/getUpdates?offset=129756652&timeout=20 HTTP/1.1" 200 351
DEBUG:urllib3.connectionpool:https://api.telegram.org:443 "POST /bot5479085555:AAHAClosZ4WJBOzHYCj2OHP56yoyRDiQQRA/sendMessage?chat_id=536853300&text=Exchange+operation+have+been+done HTTP/1.1" 200 398
DEBUG:urllib3.connectionpool:https://api.telegram.org:443 "GET /bot5479085555:AAHAClosZ4WJBOzHYCj2OHP56yoyRDiQQRA/getUpdates?offset=129756653&timeout=20 HTTP/1.1" 200 23
DEBUG:urllib3.connectionpool:https://api.telegram.org:443 "GET /bot5479085555:AAHAClosZ4WJBOzHYCj2OHP56yoyRDiQQRA/getUpdates?offset=129756653&timeout=20 HTTP/1.1" 200 23
DEBUG:urllib3.connectionpool:https://api.telegram.org:443 "GET /bot5479085555:AAHAClosZ4WJBOzHYCj2OHP56yoyRDiQQRA/getUpdates?offset=129756653&timeout=20 HTTP/1.1" 200 23
DEBUG:urllib3.connectionpool:https://api.telegram.org:443 "GET /bot5479085555:AAHAClosZ4WJBOzHYCj2OHP56yoyRDiQQRA/getUpdates?offset=129756653&timeout=20 HTTP/1.1" 200 23
DEBUG:urllib3.connectionpool:https://api.telegram.org:443 "GET /bot5479085555:AAHAClosZ4WJBOzHYCj2OHP56yoyRDiQQRA/getUpdates?offset=129756653&timeout=20 HTTP/1.1" 200 23
DEBUG:urllib3.connectionpool:https://api.telegram.org:443 "GET /bot5479085555:AAHAClosZ4WJBOzHYCj2OHP56yoyRDiQQRA/getUpdates?offset=129756653&timeout=20 HTTP/1.1" 200 23
DEBUG:urllib3.connectionpool:https://api.telegram.org:443 "GET /bot5479085555:AAHAClosZ4WJBOzHYCj2OHP56yoyRDiQQRA/getUpdates?offset=129756653&timeout=20 HTTP/1.1" 200 23
DEBUG:urllib3.connectionpool:https://api.telegram.org:443 "GET /bot5479085555:AAHAClosZ4WJBOzHYCj2OHP56yoyRDiQQRA/getUpdates?offset=129756653&timeout=20 HTTP/1.1" 200 23
DEBUG:urllib3.connectionpool:https://api.telegram.org:443 "GET /bot5479085555:AAHAClosZ4WJBOzHYCj2OHP56yoyRDiQQRA/getUpdates?offset=129756653&timeout=20 HTTP/1.1" 200 23
DEBUG:urllib3.connectionpool:https://api.telegram.org:443 "GET /bot5479085555:AAHAClosZ4WJBOzHYCj2OHP56yoyRDiQQRA/getUpdates?offset=129756653&timeout=20 HTTP/1.1" 200 23
DEBUG:urllib3.connectionpool:https://api.telegram.org:443 "GET /bot5479085555:AAHAClosZ4WJBOzHYCj2OHP56yoyRDiQQRA/getUpdates?offset=129756653&timeout=20 HTTP/1.1" 200 23
DEBUG:urllib3.connectionpool:https://api.telegram.org:443 "GET /bot5479085555:AAHAClosZ4WJBOzHYCj2OHP56yoyRDiQQRA/getUpdates?offset=129756653&timeout=20 HTTP/1.1" 200 23
DEBUG:urllib3.connectionpool:https://api.telegram.org:443 "GET /bot5479085555:AAHAClosZ4WJBOzHYCj2OHP56yoyRDiQQRA/getUpdates?offset=129756653&timeout=20 HTTP/1.1" 200 23
DEBUG:urllib3.connectionpool:https://api.telegram.org:443 "GET /bot5479085555:AAHAClosZ4WJBOzHYCj2OHP56yoyRDiQQRA/getUpdates?offset=129756653&timeout=20 HTTP/1.1" 200 23
DEBUG:urllib3.connectionpool:https://api.telegram.org:443 "GET /bot5479085555:AAHAClosZ4WJBOzHYCj2OHP56yoyRDiQQRA/getUpdates?offset=129756653&timeout=20 HTTP/1.1" 200 23
DEBUG:urllib3.connectionpool:Starting new HTTPS connection (1): api.telegram.org:443
DEBUG:urllib3.connectionpool:https://api.telegram.org:443 "GET /bot5479085555:AAHAClosZ4WJBOzHYCj2OHP56yoyRDiQQRA/deleteWebhook HTTP/1.1" 200 68
DEBUG:urllib3.connectionpool:Starting new HTTPS connection (1): api.telegram.org:443
DEBUG:urllib3.connectionpool:https://api.telegram.org:443 "GET /bot5479085555:AAHAClosZ4WJBOzHYCj2OHP56yoyRDiQQRA/getUpdates?offset=1&timeout=20 HTTP/1.1" 200 410
DEBUG:urllib3.connectionpool:Starting new HTTPS connection (1): bbl-sea-apim-p.azure-api.net:443
DEBUG:urllib3.connectionpool:https://bbl-sea-apim-p.azure-api.net:443 "GET /api/ExchangeRateService/GetDateTimeLastUpdate HTTP/1.1" 200 None
DEBUG:root:LAST BANGKOKBANK UPDATE RATE ['20', '03', '2023'] - 12:00     
DEBUG:urllib3.connectionpool:Starting new HTTPS connection (1): bbl-sea-apim-p.azure-api.net:443
DEBUG:urllib3.connectionpool:https://bbl-sea-apim-p.azure-api.net:443 "GET /api/ExchangeRateService/GetChartfxrates/20/03/2023/20/3/2023/USD50/en HTTP/1.1" 200 365
DEBUG:root:T-T RATE LAST UPDATE 34.00     
DEBUG:urllib3.connectionpool:Starting new HTTPS connection (1): api.telegram.org:443
DEBUG:urllib3.connectionpool:https://api.telegram.org:443 "POST /bot5479085555:AAHAClosZ4WJBOzHYCj2OHP56yoyRDiQQRA/sendMessage?chat_id=536853300&text=THB+++++++++%3A+34.00+++++%0AUpdate%3A+12%3A00++++++20%2F03%2F2023%0A%0A HTTP/1.1" 200 420
DEBUG:urllib3.connectionpool:https://api.telegram.org:443 "GET /bot5479085555:AAHAClosZ4WJBOzHYCj2OHP56yoyRDiQQRA/getUpdates?offset=129756654&timeout=20 HTTP/1.1" 200 409
DEBUG:urllib3.connectionpool:https://api.telegram.org:443 "POST /bot5479085555:AAHAClosZ4WJBOzHYCj2OHP56yoyRDiQQRA/sendMessage?chat_id=536853300&text=%21%21%21%21%21%21Enter+yor+rate+or+skip%21%21%21%21%21%21%21 HTTP/1.1" 200 400
DEBUG:urllib3.connectionpool:https://api.telegram.org:443 "GET /bot5479085555:AAHAClosZ4WJBOzHYCj2OHP56yoyRDiQQRA/getUpdates?offset=129756655&timeout=20 HTTP/1.1" 200 351
DEBUG:urllib3.connectionpool:Starting new HTTPS connection (1): api.telegram.org:443
DEBUG:urllib3.connectionpool:https://api.telegram.org:443 "POST /bot5479085555:AAHAClosZ4WJBOzHYCj2OHP56yoyRDiQQRA/sendMessage?chat_id=536853300&text=Ready+to+convert+with+rate+2.6%0AEnter+amount+of+money+with+THB+to+RUB+in+the+end HTTP/1.1" 200 445
DEBUG:urllib3.connectionpool:https://api.telegram.org:443 "GET /bot5479085555:AAHAClosZ4WJBOzHYCj2OHP56yoyRDiQQRA/getUpdates?offset=129756656&timeout=20 HTTP/1.1" 200 355
DEBUG:urllib3.connectionpool:https://api.telegram.org:443 "POST /bot5479085555:AAHAClosZ4WJBOzHYCj2OHP56yoyRDiQQRA/sendMessage?chat_id=536853300&text=I+will+convert+THB+to+RUB%0A2000THB+%3D+5200.0RUB HTTP/1.1" 200 411
DEBUG:urllib3.connectionpool:https://api.telegram.org:443 "GET /bot5479085555:AAHAClosZ4WJBOzHYCj2OHP56yoyRDiQQRA/getUpdates?offset=129756657&timeout=20 HTTP/1.1" 200 356
DEBUG:urllib3.connectionpool:https://api.telegram.org:443 "POST /bot5479085555:AAHAClosZ4WJBOzHYCj2OHP56yoyRDiQQRA/sendMessage?chat_id=536853300&text=I+will+convert+RUB+to+THB%0A20000RUB+%3D+7692.31THB HTTP/1.1" 200 413
DEBUG:urllib3.connectionpool:https://api.telegram.org:443 "GET /bot5479085555:AAHAClosZ4WJBOzHYCj2OHP56yoyRDiQQRA/getUpdates?offset=129756658&timeout=20 HTTP/1.1" 200 351
DEBUG:urllib3.connectionpool:https://api.telegram.org:443 "POST /bot5479085555:AAHAClosZ4WJBOzHYCj2OHP56yoyRDiQQRA/sendMessage?chat_id=536853300&text=Exchange+operation+have+been+done HTTP/1.1" 200 398
DEBUG:urllib3.connectionpool:https://api.telegram.org:443 "GET /bot5479085555:AAHAClosZ4WJBOzHYCj2OHP56yoyRDiQQRA/getUpdates?offset=129756659&timeout=20 HTTP/1.1" 200 23
DEBUG:urllib3.connectionpool:https://api.telegram.org:443 "GET /bot5479085555:AAHAClosZ4WJBOzHYCj2OHP56yoyRDiQQRA/getUpdates?offset=129756659&timeout=20 HTTP/1.1" 200 23
DEBUG:urllib3.connectionpool:https://api.telegram.org:443 "GET /bot5479085555:AAHAClosZ4WJBOzHYCj2OHP56yoyRDiQQRA/getUpdates?offset=129756659&timeout=20 HTTP/1.1" 200 23
DEBUG:urllib3.connectionpool:https://api.telegram.org:443 "GET /bot5479085555:AAHAClosZ4WJBOzHYCj2OHP56yoyRDiQQRA/getUpdates?offset=129756659&timeout=20 HTTP/1.1" 200 23
DEBUG:urllib3.connectionpool:https://api.telegram.org:443 "GET /bot5479085555:AAHAClosZ4WJBOzHYCj2OHP56yoyRDiQQRA/getUpdates?offset=129756659&timeout=20 HTTP/1.1" 200 23
DEBUG:urllib3.connectionpool:https://api.telegram.org:443 "GET /bot5479085555:AAHAClosZ4WJBOzHYCj2OHP56yoyRDiQQRA/getUpdates?offset=129756659&timeout=20 HTTP/1.1" 200 23
DEBUG:urllib3.connectionpool:https://api.telegram.org:443 "GET /bot5479085555:AAHAClosZ4WJBOzHYCj2OHP56yoyRDiQQRA/getUpdates?offset=129756659&timeout=20 HTTP/1.1" 200 23
DEBUG:urllib3.connectionpool:https://api.telegram.org:443 "GET /bot5479085555:AAHAClosZ4WJBOzHYCj2OHP56yoyRDiQQRA/getUpdates?offset=129756659&timeout=20 HTTP/1.1" 200 23
DEBUG:urllib3.connectionpool:https://api.telegram.org:443 "GET /bot5479085555:AAHAClosZ4WJBOzHYCj2OHP56yoyRDiQQRA/getUpdates?offset=129756659&timeout=20 HTTP/1.1" 200 23
DEBUG:urllib3.connectionpool:https://api.telegram.org:443 "GET /bot5479085555:AAHAClosZ4WJBOzHYCj2OHP56yoyRDiQQRA/getUpdates?offset=129756659&timeout=20 HTTP/1.1" 200 23
DEBUG:urllib3.connectionpool:https://api.telegram.org:443 "GET /bot5479085555:AAHAClosZ4WJBOzHYCj2OHP56yoyRDiQQRA/getUpdates?offset=129756659&timeout=20 HTTP/1.1" 200 23
DEBUG:urllib3.connectionpool:https://api.telegram.org:443 "GET /bot5479085555:AAHAClosZ4WJBOzHYCj2OHP56yoyRDiQQRA/getUpdates?offset=129756659&timeout=20 HTTP/1.1" 200 23
DEBUG:urllib3.connectionpool:https://api.telegram.org:443 "GET /bot5479085555:AAHAClosZ4WJBOzHYCj2OHP56yoyRDiQQRA/getUpdates?offset=129756659&timeout=20 HTTP/1.1" 200 23
DEBUG:urllib3.connectionpool:https://api.telegram.org:443 "GET /bot5479085555:AAHAClosZ4WJBOzHYCj2OHP56yoyRDiQQRA/getUpdates?offset=129756659&timeout=20 HTTP/1.1" 200 23
DEBUG:urllib3.connectionpool:https://api.telegram.org:443 "GET /bot5479085555:AAHAClosZ4WJBOzHYCj2OHP56yoyRDiQQRA/getUpdates?offset=129756659&timeout=20 HTTP/1.1" 200 23
DEBUG:urllib3.connectionpool:https://api.telegram.org:443 "GET /bot5479085555:AAHAClosZ4WJBOzHYCj2OHP56yoyRDiQQRA/getUpdates?offset=129756659&timeout=20 HTTP/1.1" 200 23
DEBUG:urllib3.connectionpool:https://api.telegram.org:443 "GET /bot5479085555:AAHAClosZ4WJBOzHYCj2OHP56yoyRDiQQRA/getUpdates?offset=129756659&timeout=20 HTTP/1.1" 200 23
DEBUG:urllib3.connectionpool:https://api.telegram.org:443 "GET /bot5479085555:AAHAClosZ4WJBOzHYCj2OHP56yoyRDiQQRA/getUpdates?offset=129756659&timeout=20 HTTP/1.1" 200 23
DEBUG:urllib3.connectionpool:https://api.telegram.org:443 "GET /bot5479085555:AAHAClosZ4WJBOzHYCj2OHP56yoyRDiQQRA/getUpdates?offset=129756659&timeout=20 HTTP/1.1" 200 23
DEBUG:urllib3.connectionpool:https://api.telegram.org:443 "GET /bot5479085555:AAHAClosZ4WJBOzHYCj2OHP56yoyRDiQQRA/getUpdates?offset=129756659&timeout=20 HTTP/1.1" 200 23
DEBUG:urllib3.connectionpool:https://api.telegram.org:443 "GET /bot5479085555:AAHAClosZ4WJBOzHYCj2OHP56yoyRDiQQRA/getUpdates?offset=129756659&timeout=20 HTTP/1.1" 200 23
DEBUG:urllib3.connectionpool:https://api.telegram.org:443 "GET /bot5479085555:AAHAClosZ4WJBOzHYCj2OHP56yoyRDiQQRA/getUpdates?offset=129756659&timeout=20 HTTP/1.1" 200 23
DEBUG:urllib3.connectionpool:https://api.telegram.org:443 "GET /bot5479085555:AAHAClosZ4WJBOzHYCj2OHP56yoyRDiQQRA/getUpdates?offset=129756659&timeout=20 HTTP/1.1" 200 23
DEBUG:urllib3.connectionpool:https://api.telegram.org:443 "GET /bot5479085555:AAHAClosZ4WJBOzHYCj2OHP56yoyRDiQQRA/getUpdates?offset=129756659&timeout=20 HTTP/1.1" 200 23
DEBUG:urllib3.connectionpool:https://api.telegram.org:443 "GET /bot5479085555:AAHAClosZ4WJBOzHYCj2OHP56yoyRDiQQRA/getUpdates?offset=129756659&timeout=20 HTTP/1.1" 200 23
DEBUG:urllib3.connectionpool:https://api.telegram.org:443 "GET /bot5479085555:AAHAClosZ4WJBOzHYCj2OHP56yoyRDiQQRA/getUpdates?offset=129756659&timeout=20 HTTP/1.1" 200 23
DEBUG:urllib3.connectionpool:https://api.telegram.org:443 "GET /bot5479085555:AAHAClosZ4WJBOzHYCj2OHP56yoyRDiQQRA/getUpdates?offset=129756659&timeout=20 HTTP/1.1" 200 23
DEBUG:urllib3.connectionpool:https://api.telegram.org:443 "GET /bot5479085555:AAHAClosZ4WJBOzHYCj2OHP56yoyRDiQQRA/getUpdates?offset=129756659&timeout=20 HTTP/1.1" 200 23
DEBUG:urllib3.connectionpool:https://api.telegram.org:443 "GET /bot5479085555:AAHAClosZ4WJBOzHYCj2OHP56yoyRDiQQRA/getUpdates?offset=129756659&timeout=20 HTTP/1.1" 200 23
DEBUG:urllib3.connectionpool:Starting new HTTPS connection (1): api.telegram.org:443
DEBUG:urllib3.connectionpool:https://api.telegram.org:443 "GET /bot5479085555:AAHAClosZ4WJBOzHYCj2OHP56yoyRDiQQRA/getUpdates?offset=129756659&timeout=20 HTTP/1.1" 200 23
DEBUG:urllib3.connectionpool:https://api.telegram.org:443 "GET /bot5479085555:AAHAClosZ4WJBOzHYCj2OHP56yoyRDiQQRA/getUpdates?offset=129756659&timeout=20 HTTP/1.1" 200 23
DEBUG:urllib3.connectionpool:https://api.telegram.org:443 "GET /bot5479085555:AAHAClosZ4WJBOzHYCj2OHP56yoyRDiQQRA/getUpdates?offset=129756659&timeout=20 HTTP/1.1" 200 23
DEBUG:urllib3.connectionpool:https://api.telegram.org:443 "GET /bot5479085555:AAHAClosZ4WJBOzHYCj2OHP56yoyRDiQQRA/getUpdates?offset=129756659&timeout=20 HTTP/1.1" 200 23
DEBUG:urllib3.connectionpool:https://api.telegram.org:443 "GET /bot5479085555:AAHAClosZ4WJBOzHYCj2OHP56yoyRDiQQRA/getUpdates?offset=129756659&timeout=20 HTTP/1.1" 200 23
DEBUG:urllib3.connectionpool:https://api.telegram.org:443 "GET /bot5479085555:AAHAClosZ4WJBOzHYCj2OHP56yoyRDiQQRA/getUpdates?offset=129756659&timeout=20 HTTP/1.1" 200 23
DEBUG:urllib3.connectionpool:https://api.telegram.org:443 "GET /bot5479085555:AAHAClosZ4WJBOzHYCj2OHP56yoyRDiQQRA/getUpdates?offset=129756659&timeout=20 HTTP/1.1" 200 23
DEBUG:urllib3.connectionpool:https://api.telegram.org:443 "GET /bot5479085555:AAHAClosZ4WJBOzHYCj2OHP56yoyRDiQQRA/getUpdates?offset=129756659&timeout=20 HTTP/1.1" 200 23
DEBUG:urllib3.connectionpool:https://api.telegram.org:443 "GET /bot5479085555:AAHAClosZ4WJBOzHYCj2OHP56yoyRDiQQRA/getUpdates?offset=129756659&timeout=20 HTTP/1.1" 200 23
DEBUG:urllib3.connectionpool:Starting new HTTPS connection (1): api.telegram.org:443
DEBUG:urllib3.connectionpool:https://api.telegram.org:443 "GET /bot5479085555:AAHAClosZ4WJBOzHYCj2OHP56yoyRDiQQRA/deleteWebhook HTTP/1.1" 200 68
DEBUG:urllib3.connectionpool:Starting new HTTPS connection (1): api.telegram.org:443
DEBUG:urllib3.connectionpool:https://api.telegram.org:443 "GET /bot5479085555:AAHAClosZ4WJBOzHYCj2OHP56yoyRDiQQRA/getUpdates?offset=129756659&timeout=20 HTTP/1.1" 409 143
ERROR:TeleBot:Threaded polling exception: A request to the Telegram API was unsuccessful. Error code: 409. Description: Conflict: terminated by other getUpdates request; make sure that only one bot instance is running
ERROR:TeleBot:Exception traceback:
Traceback (most recent call last):
  File "C:\ZDV Telebot\telebot_heroku_test\venv\lib\site-packages\telebot\__init__.py", line 976, in __threaded_polling
    polling_thread.raise_exceptions()
  File "C:\ZDV Telebot\telebot_heroku_test\venv\lib\site-packages\telebot\util.py", line 116, in raise_exceptions
    raise self.exception_info
  File "C:\ZDV Telebot\telebot_heroku_test\venv\lib\site-packages\telebot\util.py", line 98, in run
    task(*args, **kwargs)
  File "C:\ZDV Telebot\telebot_heroku_test\venv\lib\site-packages\telebot\__init__.py", line 601, in __retrieve_updates
    updates = self.get_updates(offset=(self.last_update_id + 1),
  File "C:\ZDV Telebot\telebot_heroku_test\venv\lib\site-packages\telebot\__init__.py", line 575, in get_updates
    json_updates = apihelper.get_updates(self.token, offset, limit, timeout, allowed_updates, long_polling_timeout)
  File "C:\ZDV Telebot\telebot_heroku_test\venv\lib\site-packages\telebot\apihelper.py", line 333, in get_updates
    return _make_request(token, method_url, params=payload)
  File "C:\ZDV Telebot\telebot_heroku_test\venv\lib\site-packages\telebot\apihelper.py", line 161, in _make_request
    json_result = _check_result(method_name, result)
  File "C:\ZDV Telebot\telebot_heroku_test\venv\lib\site-packages\telebot\apihelper.py", line 188, in _check_result
    raise ApiTelegramException(method_name, result, result_json)
telebot.apihelper.ApiTelegramException: A request to the Telegram API was unsuccessful. Error code: 409. Description: Conflict: terminated by other getUpdates request; make sure that only one bot instance is running

DEBUG:urllib3.connectionpool:https://api.telegram.org:443 "GET /bot5479085555:AAHAClosZ4WJBOzHYCj2OHP56yoyRDiQQRA/getUpdates?offset=1&timeout=20 HTTP/1.1" 409 143
ERROR:TeleBot:Threaded polling exception: A request to the Telegram API was unsuccessful. Error code: 409. Description: Conflict: terminated by other getUpdates request; make sure that only one bot instance is running
ERROR:TeleBot:Exception traceback:
Traceback (most recent call last):
  File "C:\ZDV Telebot\telebot_heroku_test\venv\lib\site-packages\telebot\__init__.py", line 976, in __threaded_polling
    polling_thread.raise_exceptions()
  File "C:\ZDV Telebot\telebot_heroku_test\venv\lib\site-packages\telebot\util.py", line 116, in raise_exceptions
    raise self.exception_info
  File "C:\ZDV Telebot\telebot_heroku_test\venv\lib\site-packages\telebot\util.py", line 98, in run
    task(*args, **kwargs)
  File "C:\ZDV Telebot\telebot_heroku_test\venv\lib\site-packages\telebot\__init__.py", line 601, in __retrieve_updates
    updates = self.get_updates(offset=(self.last_update_id + 1),
  File "C:\ZDV Telebot\telebot_heroku_test\venv\lib\site-packages\telebot\__init__.py", line 575, in get_updates
    json_updates = apihelper.get_updates(self.token, offset, limit, timeout, allowed_updates, long_polling_timeout)
  File "C:\ZDV Telebot\telebot_heroku_test\venv\lib\site-packages\telebot\apihelper.py", line 333, in get_updates
    return _make_request(token, method_url, params=payload)
  File "C:\ZDV Telebot\telebot_heroku_test\venv\lib\site-packages\telebot\apihelper.py", line 161, in _make_request
    json_result = _check_result(method_name, result)
  File "C:\ZDV Telebot\telebot_heroku_test\venv\lib\site-packages\telebot\apihelper.py", line 188, in _check_result
    raise ApiTelegramException(method_name, result, result_json)
telebot.apihelper.ApiTelegramException: A request to the Telegram API was unsuccessful. Error code: 409. Description: Conflict: terminated by other getUpdates request; make sure that only one bot instance is running

DEBUG:urllib3.connectionpool:https://api.telegram.org:443 "GET /bot5479085555:AAHAClosZ4WJBOzHYCj2OHP56yoyRDiQQRA/getUpdates?offset=129756659&timeout=20 HTTP/1.1" 409 143
ERROR:TeleBot:Threaded polling exception: A request to the Telegram API was unsuccessful. Error code: 409. Description: Conflict: terminated by other getUpdates request; make sure that only one bot instance is running
ERROR:TeleBot:Exception traceback:
Traceback (most recent call last):
  File "C:\ZDV Telebot\telebot_heroku_test\venv\lib\site-packages\telebot\__init__.py", line 976, in __threaded_polling
    polling_thread.raise_exceptions()
  File "C:\ZDV Telebot\telebot_heroku_test\venv\lib\site-packages\telebot\util.py", line 116, in raise_exceptions
    raise self.exception_info
  File "C:\ZDV Telebot\telebot_heroku_test\venv\lib\site-packages\telebot\util.py", line 98, in run
    task(*args, **kwargs)
  File "C:\ZDV Telebot\telebot_heroku_test\venv\lib\site-packages\telebot\__init__.py", line 601, in __retrieve_updates
    updates = self.get_updates(offset=(self.last_update_id + 1),
  File "C:\ZDV Telebot\telebot_heroku_test\venv\lib\site-packages\telebot\__init__.py", line 575, in get_updates
    json_updates = apihelper.get_updates(self.token, offset, limit, timeout, allowed_updates, long_polling_timeout)
  File "C:\ZDV Telebot\telebot_heroku_test\venv\lib\site-packages\telebot\apihelper.py", line 333, in get_updates
    return _make_request(token, method_url, params=payload)
  File "C:\ZDV Telebot\telebot_heroku_test\venv\lib\site-packages\telebot\apihelper.py", line 161, in _make_request
    json_result = _check_result(method_name, result)
  File "C:\ZDV Telebot\telebot_heroku_test\venv\lib\site-packages\telebot\apihelper.py", line 188, in _check_result
    raise ApiTelegramException(method_name, result, result_json)
telebot.apihelper.ApiTelegramException: A request to the Telegram API was unsuccessful. Error code: 409. Description: Conflict: terminated by other getUpdates request; make sure that only one bot instance is running

DEBUG:urllib3.connectionpool:https://api.telegram.org:443 "GET /bot5479085555:AAHAClosZ4WJBOzHYCj2OHP56yoyRDiQQRA/getUpdates?offset=129756659&timeout=20 HTTP/1.1" 200 411
DEBUG:root:CANDLES INFO FOR USD HAVE BEEN FOUND
INFO:tinkoff.invest.logging:6417ffb24e27625de411f7f914eaf71f GetInfo
INFO:tinkoff.invest.logging:63ffafda14b531d58f37b0f7e39d1039 GetCandles
DEBUG:root:CANDLES INFO FOR FIGI BBG0013HGFT4 HAVE BEEN FOUND
DEBUG:root:RATES HAVE BEEN RECEIVED
DEBUG:root:GET RATE WAS ACCOMPLISHED. MAX RATE: 77
DEBUG:urllib3.connectionpool:Starting new HTTPS connection (1): api.telegram.org:443
DEBUG:urllib3.connectionpool:https://api.telegram.org:443 "GET /bot5479085555:AAHAClosZ4WJBOzHYCj2OHP56yoyRDiQQRA/getUpdates?offset=1&timeout=20 HTTP/1.1" 409 143
ERROR:TeleBot:Threaded polling exception: A request to the Telegram API was unsuccessful. Error code: 409. Description: Conflict: terminated by other getUpdates request; make sure that only one bot instance is running
ERROR:TeleBot:Exception traceback:
Traceback (most recent call last):
  File "C:\ZDV Telebot\telebot_heroku_test\venv\lib\site-packages\telebot\__init__.py", line 976, in __threaded_polling
    polling_thread.raise_exceptions()
  File "C:\ZDV Telebot\telebot_heroku_test\venv\lib\site-packages\telebot\util.py", line 116, in raise_exceptions
    raise self.exception_info
  File "C:\ZDV Telebot\telebot_heroku_test\venv\lib\site-packages\telebot\util.py", line 98, in run
    task(*args, **kwargs)
  File "C:\ZDV Telebot\telebot_heroku_test\venv\lib\site-packages\telebot\__init__.py", line 601, in __retrieve_updates
    updates = self.get_updates(offset=(self.last_update_id + 1),
  File "C:\ZDV Telebot\telebot_heroku_test\venv\lib\site-packages\telebot\__init__.py", line 575, in get_updates
    json_updates = apihelper.get_updates(self.token, offset, limit, timeout, allowed_updates, long_polling_timeout)
  File "C:\ZDV Telebot\telebot_heroku_test\venv\lib\site-packages\telebot\apihelper.py", line 333, in get_updates
    return _make_request(token, method_url, params=payload)
  File "C:\ZDV Telebot\telebot_heroku_test\venv\lib\site-packages\telebot\apihelper.py", line 161, in _make_request
    json_result = _check_result(method_name, result)
  File "C:\ZDV Telebot\telebot_heroku_test\venv\lib\site-packages\telebot\apihelper.py", line 188, in _check_result
    raise ApiTelegramException(method_name, result, result_json)
telebot.apihelper.ApiTelegramException: A request to the Telegram API was unsuccessful. Error code: 409. Description: Conflict: terminated by other getUpdates request; make sure that only one bot instance is running

DEBUG:urllib3.connectionpool:https://api.telegram.org:443 "POST /bot5479085555:AAHAClosZ4WJBOzHYCj2OHP56yoyRDiQQRA/sendMessage?chat_id=536853300&text=USD+++%3A+77.035%0AUSD+ema%3A+77.04%0AUpdate+%3A+09%3A00++20%2F03%2F2023%0A%0ATHB+++++++++%3A+34.00+++++%0AUpdate%3A+12%3A00++++++20%2F03%2F2023%0A%0ARUB+%2F+THB+++%3A+2.39%0ARUB+%2F+THB%2A++%3A+2.44%0A HTTP/1.1" 200 524
DEBUG:urllib3.connectionpool:https://api.telegram.org:443 "GET /bot5479085555:AAHAClosZ4WJBOzHYCj2OHP56yoyRDiQQRA/getUpdates?offset=129756660&timeout=20 HTTP/1.1" 409 143
ERROR:TeleBot:Threaded polling exception: A request to the Telegram API was unsuccessful. Error code: 409. Description: Conflict: terminated by other getUpdates request; make sure that only one bot instance is running
ERROR:TeleBot:Exception traceback:
Traceback (most recent call last):
  File "C:\ZDV Telebot\telebot_heroku_test\venv\lib\site-packages\telebot\__init__.py", line 976, in __threaded_polling
    polling_thread.raise_exceptions()
  File "C:\ZDV Telebot\telebot_heroku_test\venv\lib\site-packages\telebot\util.py", line 116, in raise_exceptions
    raise self.exception_info
  File "C:\ZDV Telebot\telebot_heroku_test\venv\lib\site-packages\telebot\util.py", line 98, in run
    task(*args, **kwargs)
  File "C:\ZDV Telebot\telebot_heroku_test\venv\lib\site-packages\telebot\__init__.py", line 601, in __retrieve_updates
    updates = self.get_updates(offset=(self.last_update_id + 1),
  File "C:\ZDV Telebot\telebot_heroku_test\venv\lib\site-packages\telebot\__init__.py", line 575, in get_updates
    json_updates = apihelper.get_updates(self.token, offset, limit, timeout, allowed_updates, long_polling_timeout)
  File "C:\ZDV Telebot\telebot_heroku_test\venv\lib\site-packages\telebot\apihelper.py", line 333, in get_updates
    return _make_request(token, method_url, params=payload)
  File "C:\ZDV Telebot\telebot_heroku_test\venv\lib\site-packages\telebot\apihelper.py", line 161, in _make_request
    json_result = _check_result(method_name, result)
  File "C:\ZDV Telebot\telebot_heroku_test\venv\lib\site-packages\telebot\apihelper.py", line 188, in _check_result
    raise ApiTelegramException(method_name, result, result_json)
telebot.apihelper.ApiTelegramException: A request to the Telegram API was unsuccessful. Error code: 409. Description: Conflict: terminated by other getUpdates request; make sure that only one bot instance is running

DEBUG:urllib3.connectionpool:https://api.telegram.org:443 "GET /bot5479085555:AAHAClosZ4WJBOzHYCj2OHP56yoyRDiQQRA/getUpdates?offset=1&timeout=20 HTTP/1.1" 409 143
ERROR:TeleBot:Threaded polling exception: A request to the Telegram API was unsuccessful. Error code: 409. Description: Conflict: terminated by other getUpdates request; make sure that only one bot instance is running
ERROR:TeleBot:Exception traceback:
Traceback (most recent call last):
  File "C:\ZDV Telebot\telebot_heroku_test\venv\lib\site-packages\telebot\__init__.py", line 976, in __threaded_polling
    polling_thread.raise_exceptions()
  File "C:\ZDV Telebot\telebot_heroku_test\venv\lib\site-packages\telebot\util.py", line 116, in raise_exceptions
    raise self.exception_info
  File "C:\ZDV Telebot\telebot_heroku_test\venv\lib\site-packages\telebot\util.py", line 98, in run
    task(*args, **kwargs)
  File "C:\ZDV Telebot\telebot_heroku_test\venv\lib\site-packages\telebot\__init__.py", line 601, in __retrieve_updates
    updates = self.get_updates(offset=(self.last_update_id + 1),
  File "C:\ZDV Telebot\telebot_heroku_test\venv\lib\site-packages\telebot\__init__.py", line 575, in get_updates
    json_updates = apihelper.get_updates(self.token, offset, limit, timeout, allowed_updates, long_polling_timeout)
  File "C:\ZDV Telebot\telebot_heroku_test\venv\lib\site-packages\telebot\apihelper.py", line 333, in get_updates
    return _make_request(token, method_url, params=payload)
  File "C:\ZDV Telebot\telebot_heroku_test\venv\lib\site-packages\telebot\apihelper.py", line 161, in _make_request
    json_result = _check_result(method_name, result)
  File "C:\ZDV Telebot\telebot_heroku_test\venv\lib\site-packages\telebot\apihelper.py", line 188, in _check_result
    raise ApiTelegramException(method_name, result, result_json)
telebot.apihelper.ApiTelegramException: A request to the Telegram API was unsuccessful. Error code: 409. Description: Conflict: terminated by other getUpdates request; make sure that only one bot instance is running

DEBUG:urllib3.connectionpool:https://api.telegram.org:443 "GET /bot5479085555:AAHAClosZ4WJBOzHYCj2OHP56yoyRDiQQRA/getUpdates?offset=129756660&timeout=20 HTTP/1.1" 409 143
ERROR:TeleBot:Threaded polling exception: A request to the Telegram API was unsuccessful. Error code: 409. Description: Conflict: terminated by other getUpdates request; make sure that only one bot instance is running
ERROR:TeleBot:Exception traceback:
Traceback (most recent call last):
  File "C:\ZDV Telebot\telebot_heroku_test\venv\lib\site-packages\telebot\__init__.py", line 976, in __threaded_polling
    polling_thread.raise_exceptions()
  File "C:\ZDV Telebot\telebot_heroku_test\venv\lib\site-packages\telebot\util.py", line 116, in raise_exceptions
    raise self.exception_info
  File "C:\ZDV Telebot\telebot_heroku_test\venv\lib\site-packages\telebot\util.py", line 98, in run
    task(*args, **kwargs)
  File "C:\ZDV Telebot\telebot_heroku_test\venv\lib\site-packages\telebot\__init__.py", line 601, in __retrieve_updates
    updates = self.get_updates(offset=(self.last_update_id + 1),
  File "C:\ZDV Telebot\telebot_heroku_test\venv\lib\site-packages\telebot\__init__.py", line 575, in get_updates
    json_updates = apihelper.get_updates(self.token, offset, limit, timeout, allowed_updates, long_polling_timeout)
  File "C:\ZDV Telebot\telebot_heroku_test\venv\lib\site-packages\telebot\apihelper.py", line 333, in get_updates
    return _make_request(token, method_url, params=payload)
  File "C:\ZDV Telebot\telebot_heroku_test\venv\lib\site-packages\telebot\apihelper.py", line 161, in _make_request
    json_result = _check_result(method_name, result)
  File "C:\ZDV Telebot\telebot_heroku_test\venv\lib\site-packages\telebot\apihelper.py", line 188, in _check_result
    raise ApiTelegramException(method_name, result, result_json)
telebot.apihelper.ApiTelegramException: A request to the Telegram API was unsuccessful. Error code: 409. Description: Conflict: terminated by other getUpdates request; make sure that only one bot instance is running

DEBUG:urllib3.connectionpool:https://api.telegram.org:443 "GET /bot5479085555:AAHAClosZ4WJBOzHYCj2OHP56yoyRDiQQRA/getUpdates?offset=1&timeout=20 HTTP/1.1" 409 143
ERROR:TeleBot:Threaded polling exception: A request to the Telegram API was unsuccessful. Error code: 409. Description: Conflict: terminated by other getUpdates request; make sure that only one bot instance is running
ERROR:TeleBot:Exception traceback:
Traceback (most recent call last):
  File "C:\ZDV Telebot\telebot_heroku_test\venv\lib\site-packages\telebot\__init__.py", line 976, in __threaded_polling
    polling_thread.raise_exceptions()
  File "C:\ZDV Telebot\telebot_heroku_test\venv\lib\site-packages\telebot\util.py", line 116, in raise_exceptions
    raise self.exception_info
  File "C:\ZDV Telebot\telebot_heroku_test\venv\lib\site-packages\telebot\util.py", line 98, in run
    task(*args, **kwargs)
  File "C:\ZDV Telebot\telebot_heroku_test\venv\lib\site-packages\telebot\__init__.py", line 601, in __retrieve_updates
    updates = self.get_updates(offset=(self.last_update_id + 1),
  File "C:\ZDV Telebot\telebot_heroku_test\venv\lib\site-packages\telebot\__init__.py", line 575, in get_updates
    json_updates = apihelper.get_updates(self.token, offset, limit, timeout, allowed_updates, long_polling_timeout)
  File "C:\ZDV Telebot\telebot_heroku_test\venv\lib\site-packages\telebot\apihelper.py", line 333, in get_updates
    return _make_request(token, method_url, params=payload)
  File "C:\ZDV Telebot\telebot_heroku_test\venv\lib\site-packages\telebot\apihelper.py", line 161, in _make_request
    json_result = _check_result(method_name, result)
  File "C:\ZDV Telebot\telebot_heroku_test\venv\lib\site-packages\telebot\apihelper.py", line 188, in _check_result
    raise ApiTelegramException(method_name, result, result_json)
telebot.apihelper.ApiTelegramException: A request to the Telegram API was unsuccessful. Error code: 409. Description: Conflict: terminated by other getUpdates request; make sure that only one bot instance is running

DEBUG:urllib3.connectionpool:https://api.telegram.org:443 "GET /bot5479085555:AAHAClosZ4WJBOzHYCj2OHP56yoyRDiQQRA/getUpdates?offset=129756660&timeout=20 HTTP/1.1" 409 143
ERROR:TeleBot:Threaded polling exception: A request to the Telegram API was unsuccessful. Error code: 409. Description: Conflict: terminated by other getUpdates request; make sure that only one bot instance is running
ERROR:TeleBot:Exception traceback:
Traceback (most recent call last):
  File "C:\ZDV Telebot\telebot_heroku_test\venv\lib\site-packages\telebot\__init__.py", line 976, in __threaded_polling
    polling_thread.raise_exceptions()
  File "C:\ZDV Telebot\telebot_heroku_test\venv\lib\site-packages\telebot\util.py", line 116, in raise_exceptions
    raise self.exception_info
  File "C:\ZDV Telebot\telebot_heroku_test\venv\lib\site-packages\telebot\util.py", line 98, in run
    task(*args, **kwargs)
  File "C:\ZDV Telebot\telebot_heroku_test\venv\lib\site-packages\telebot\__init__.py", line 601, in __retrieve_updates
    updates = self.get_updates(offset=(self.last_update_id + 1),
  File "C:\ZDV Telebot\telebot_heroku_test\venv\lib\site-packages\telebot\__init__.py", line 575, in get_updates
    json_updates = apihelper.get_updates(self.token, offset, limit, timeout, allowed_updates, long_polling_timeout)
  File "C:\ZDV Telebot\telebot_heroku_test\venv\lib\site-packages\telebot\apihelper.py", line 333, in get_updates
    return _make_request(token, method_url, params=payload)
  File "C:\ZDV Telebot\telebot_heroku_test\venv\lib\site-packages\telebot\apihelper.py", line 161, in _make_request
    json_result = _check_result(method_name, result)
  File "C:\ZDV Telebot\telebot_heroku_test\venv\lib\site-packages\telebot\apihelper.py", line 188, in _check_result
    raise ApiTelegramException(method_name, result, result_json)
telebot.apihelper.ApiTelegramException: A request to the Telegram API was unsuccessful. Error code: 409. Description: Conflict: terminated by other getUpdates request; make sure that only one bot instance is running

DEBUG:urllib3.connectionpool:https://api.telegram.org:443 "GET /bot5479085555:AAHAClosZ4WJBOzHYCj2OHP56yoyRDiQQRA/getUpdates?offset=1&timeout=20 HTTP/1.1" 409 143
ERROR:TeleBot:Threaded polling exception: A request to the Telegram API was unsuccessful. Error code: 409. Description: Conflict: terminated by other getUpdates request; make sure that only one bot instance is running
ERROR:TeleBot:Exception traceback:
Traceback (most recent call last):
  File "C:\ZDV Telebot\telebot_heroku_test\venv\lib\site-packages\telebot\__init__.py", line 976, in __threaded_polling
    polling_thread.raise_exceptions()
  File "C:\ZDV Telebot\telebot_heroku_test\venv\lib\site-packages\telebot\util.py", line 116, in raise_exceptions
    raise self.exception_info
  File "C:\ZDV Telebot\telebot_heroku_test\venv\lib\site-packages\telebot\util.py", line 98, in run
    task(*args, **kwargs)
  File "C:\ZDV Telebot\telebot_heroku_test\venv\lib\site-packages\telebot\__init__.py", line 601, in __retrieve_updates
    updates = self.get_updates(offset=(self.last_update_id + 1),
  File "C:\ZDV Telebot\telebot_heroku_test\venv\lib\site-packages\telebot\__init__.py", line 575, in get_updates
    json_updates = apihelper.get_updates(self.token, offset, limit, timeout, allowed_updates, long_polling_timeout)
  File "C:\ZDV Telebot\telebot_heroku_test\venv\lib\site-packages\telebot\apihelper.py", line 333, in get_updates
    return _make_request(token, method_url, params=payload)
  File "C:\ZDV Telebot\telebot_heroku_test\venv\lib\site-packages\telebot\apihelper.py", line 161, in _make_request
    json_result = _check_result(method_name, result)
  File "C:\ZDV Telebot\telebot_heroku_test\venv\lib\site-packages\telebot\apihelper.py", line 188, in _check_result
    raise ApiTelegramException(method_name, result, result_json)
telebot.apihelper.ApiTelegramException: A request to the Telegram API was unsuccessful. Error code: 409. Description: Conflict: terminated by other getUpdates request; make sure that only one bot instance is running

DEBUG:urllib3.connectionpool:https://api.telegram.org:443 "GET /bot5479085555:AAHAClosZ4WJBOzHYCj2OHP56yoyRDiQQRA/getUpdates?offset=129756660&timeout=20 HTTP/1.1" 409 143
ERROR:TeleBot:Threaded polling exception: A request to the Telegram API was unsuccessful. Error code: 409. Description: Conflict: terminated by other getUpdates request; make sure that only one bot instance is running
ERROR:TeleBot:Exception traceback:
Traceback (most recent call last):
  File "C:\ZDV Telebot\telebot_heroku_test\venv\lib\site-packages\telebot\__init__.py", line 976, in __threaded_polling
    polling_thread.raise_exceptions()
  File "C:\ZDV Telebot\telebot_heroku_test\venv\lib\site-packages\telebot\util.py", line 116, in raise_exceptions
    raise self.exception_info
  File "C:\ZDV Telebot\telebot_heroku_test\venv\lib\site-packages\telebot\util.py", line 98, in run
    task(*args, **kwargs)
  File "C:\ZDV Telebot\telebot_heroku_test\venv\lib\site-packages\telebot\__init__.py", line 601, in __retrieve_updates
    updates = self.get_updates(offset=(self.last_update_id + 1),
  File "C:\ZDV Telebot\telebot_heroku_test\venv\lib\site-packages\telebot\__init__.py", line 575, in get_updates
    json_updates = apihelper.get_updates(self.token, offset, limit, timeout, allowed_updates, long_polling_timeout)
  File "C:\ZDV Telebot\telebot_heroku_test\venv\lib\site-packages\telebot\apihelper.py", line 333, in get_updates
    return _make_request(token, method_url, params=payload)
  File "C:\ZDV Telebot\telebot_heroku_test\venv\lib\site-packages\telebot\apihelper.py", line 161, in _make_request
    json_result = _check_result(method_name, result)
  File "C:\ZDV Telebot\telebot_heroku_test\venv\lib\site-packages\telebot\apihelper.py", line 188, in _check_result
    raise ApiTelegramException(method_name, result, result_json)
telebot.apihelper.ApiTelegramException: A request to the Telegram API was unsuccessful. Error code: 409. Description: Conflict: terminated by other getUpdates request; make sure that only one bot instance is running

DEBUG:urllib3.connectionpool:Starting new HTTPS connection (1): api.telegram.org:443
DEBUG:urllib3.connectionpool:https://api.telegram.org:443 "GET /bot5479085555:AAHAClosZ4WJBOzHYCj2OHP56yoyRDiQQRA/deleteWebhook HTTP/1.1" 200 68
DEBUG:urllib3.connectionpool:Starting new HTTPS connection (1): api.telegram.org:443
DEBUG:urllib3.connectionpool:https://api.telegram.org:443 "GET /bot5479085555:AAHAClosZ4WJBOzHYCj2OHP56yoyRDiQQRA/getUpdates?offset=1&timeout=20 HTTP/1.1" 200 411
DEBUG:urllib3.connectionpool:Starting new HTTPS connection (1): bbl-sea-apim-p.azure-api.net:443
DEBUG:urllib3.connectionpool:https://bbl-sea-apim-p.azure-api.net:443 "GET /api/ExchangeRateService/GetDateTimeLastUpdate HTTP/1.1" 200 None
DEBUG:root:LAST BANGKOKBANK UPDATE RATE ['20', '03', '2023'] - 12:00     
DEBUG:urllib3.connectionpool:Starting new HTTPS connection (1): bbl-sea-apim-p.azure-api.net:443
DEBUG:urllib3.connectionpool:https://bbl-sea-apim-p.azure-api.net:443 "GET /api/ExchangeRateService/GetChartfxrates/20/03/2023/20/3/2023/USD50/en HTTP/1.1" 200 365
DEBUG:root:T-T RATE LAST UPDATE 34.00     
DEBUG:root:CANDLES INFO FOR USD HAVE BEEN FOUND
DEBUG:urllib3.connectionpool:Starting new HTTPS connection (1): api.telegram.org:443
DEBUG:urllib3.connectionpool:https://api.telegram.org:443 "GET /bot5479085555:AAHAClosZ4WJBOzHYCj2OHP56yoyRDiQQRA/deleteWebhook HTTP/1.1" 200 68
DEBUG:urllib3.connectionpool:Starting new HTTPS connection (1): api.telegram.org:443
DEBUG:urllib3.connectionpool:https://api.telegram.org:443 "GET /bot5479085555:AAHAClosZ4WJBOzHYCj2OHP56yoyRDiQQRA/getUpdates?offset=1&timeout=20 HTTP/1.1" 200 411
DEBUG:urllib3.connectionpool:Starting new HTTPS connection (1): bbl-sea-apim-p.azure-api.net:443
DEBUG:urllib3.connectionpool:https://bbl-sea-apim-p.azure-api.net:443 "GET /api/ExchangeRateService/GetDateTimeLastUpdate HTTP/1.1" 200 None
DEBUG:root:LAST BANGKOKBANK UPDATE RATE ['20', '03', '2023'] - 12:00     
DEBUG:urllib3.connectionpool:Starting new HTTPS connection (1): bbl-sea-apim-p.azure-api.net:443
DEBUG:urllib3.connectionpool:https://bbl-sea-apim-p.azure-api.net:443 "GET /api/ExchangeRateService/GetChartfxrates/20/03/2023/20/3/2023/USD50/en HTTP/1.1" 200 365
DEBUG:root:T-T RATE LAST UPDATE 34.00     
DEBUG:root:CANDLES INFO FOR USD HAVE BEEN FOUND
INFO:tinkoff.invest.logging:6417fff5ed017c70f6ad529de8afc640 GetInfo
INFO:tinkoff.invest.logging:640b06454988047291b76056a4a0eb91 GetCandles
DEBUG:root:CANDLES INFO FOR FIGI BBG0013HGFT4 HAVE BEEN FOUND
DEBUG:root:RATES HAVE BEEN RECEIVED
DEBUG:root:GET RATE WAS ACCOMPLISHED. MAX RATE: 77
DEBUG:urllib3.connectionpool:Starting new HTTPS connection (1): api.telegram.org:443
DEBUG:urllib3.connectionpool:https://api.telegram.org:443 "POST /bot5479085555:AAHAClosZ4WJBOzHYCj2OHP56yoyRDiQQRA/sendMessage?chat_id=536853300&text=USD+++%3A+77.035%0AUSD+ema%3A+77.04%0AUpdate+%3A+09%3A00++20%2F03%2F2023%0A%0ATHB+++++++++%3A+34.00+++++%0AUpdate%3A+12%3A00++++++20%2F03%2F2023%0A%0ARUB+%2F+THB+++%3A+2.39%0ARUB+%2F+THB%2A++%3A+2.44%0A HTTP/1.1" 200 524
DEBUG:urllib3.connectionpool:https://api.telegram.org:443 "GET /bot5479085555:AAHAClosZ4WJBOzHYCj2OHP56yoyRDiQQRA/getUpdates?offset=129756662&timeout=20 HTTP/1.1" 200 23
DEBUG:urllib3.connectionpool:https://api.telegram.org:443 "GET /bot5479085555:AAHAClosZ4WJBOzHYCj2OHP56yoyRDiQQRA/getUpdates?offset=129756662&timeout=20 HTTP/1.1" 200 23
DEBUG:urllib3.connectionpool:https://api.telegram.org:443 "GET /bot5479085555:AAHAClosZ4WJBOzHYCj2OHP56yoyRDiQQRA/getUpdates?offset=129756662&timeout=20 HTTP/1.1" 200 23
DEBUG:urllib3.connectionpool:https://api.telegram.org:443 "GET /bot5479085555:AAHAClosZ4WJBOzHYCj2OHP56yoyRDiQQRA/getUpdates?offset=129756662&timeout=20 HTTP/1.1" 200 23
DEBUG:urllib3.connectionpool:https://api.telegram.org:443 "GET /bot5479085555:AAHAClosZ4WJBOzHYCj2OHP56yoyRDiQQRA/getUpdates?offset=129756662&timeout=20 HTTP/1.1" 200 23
DEBUG:urllib3.connectionpool:https://api.telegram.org:443 "GET /bot5479085555:AAHAClosZ4WJBOzHYCj2OHP56yoyRDiQQRA/getUpdates?offset=129756662&timeout=20 HTTP/1.1" 200 23
DEBUG:urllib3.connectionpool:https://api.telegram.org:443 "GET /bot5479085555:AAHAClosZ4WJBOzHYCj2OHP56yoyRDiQQRA/getUpdates?offset=129756662&timeout=20 HTTP/1.1" 200 23
DEBUG:urllib3.connectionpool:https://api.telegram.org:443 "GET /bot5479085555:AAHAClosZ4WJBOzHYCj2OHP56yoyRDiQQRA/getUpdates?offset=129756662&timeout=20 HTTP/1.1" 200 23
DEBUG:urllib3.connectionpool:https://api.telegram.org:443 "GET /bot5479085555:AAHAClosZ4WJBOzHYCj2OHP56yoyRDiQQRA/getUpdates?offset=129756662&timeout=20 HTTP/1.1" 200 23
DEBUG:urllib3.connectionpool:https://api.telegram.org:443 "GET /bot5479085555:AAHAClosZ4WJBOzHYCj2OHP56yoyRDiQQRA/getUpdates?offset=129756662&timeout=20 HTTP/1.1" 200 23
DEBUG:urllib3.connectionpool:https://api.telegram.org:443 "GET /bot5479085555:AAHAClosZ4WJBOzHYCj2OHP56yoyRDiQQRA/getUpdates?offset=129756662&timeout=20 HTTP/1.1" 200 23
DEBUG:urllib3.connectionpool:https://api.telegram.org:443 "GET /bot5479085555:AAHAClosZ4WJBOzHYCj2OHP56yoyRDiQQRA/getUpdates?offset=129756662&timeout=20 HTTP/1.1" 200 23
DEBUG:urllib3.connectionpool:https://api.telegram.org:443 "GET /bot5479085555:AAHAClosZ4WJBOzHYCj2OHP56yoyRDiQQRA/getUpdates?offset=129756662&timeout=20 HTTP/1.1" 200 23
DEBUG:urllib3.connectionpool:https://api.telegram.org:443 "GET /bot5479085555:AAHAClosZ4WJBOzHYCj2OHP56yoyRDiQQRA/getUpdates?offset=129756662&timeout=20 HTTP/1.1" 200 23
DEBUG:urllib3.connectionpool:https://api.telegram.org:443 "GET /bot5479085555:AAHAClosZ4WJBOzHYCj2OHP56yoyRDiQQRA/getUpdates?offset=129756662&timeout=20 HTTP/1.1" 200 23
DEBUG:urllib3.connectionpool:https://api.telegram.org:443 "GET /bot5479085555:AAHAClosZ4WJBOzHYCj2OHP56yoyRDiQQRA/getUpdates?offset=129756662&timeout=20 HTTP/1.1" 200 23
DEBUG:urllib3.connectionpool:https://api.telegram.org:443 "GET /bot5479085555:AAHAClosZ4WJBOzHYCj2OHP56yoyRDiQQRA/getUpdates?offset=129756662&timeout=20 HTTP/1.1" 200 23
DEBUG:urllib3.connectionpool:https://api.telegram.org:443 "GET /bot5479085555:AAHAClosZ4WJBOzHYCj2OHP56yoyRDiQQRA/getUpdates?offset=129756662&timeout=20 HTTP/1.1" 200 23
DEBUG:urllib3.connectionpool:https://api.telegram.org:443 "GET /bot5479085555:AAHAClosZ4WJBOzHYCj2OHP56yoyRDiQQRA/getUpdates?offset=129756662&timeout=20 HTTP/1.1" 200 23
DEBUG:urllib3.connectionpool:https://api.telegram.org:443 "GET /bot5479085555:AAHAClosZ4WJBOzHYCj2OHP56yoyRDiQQRA/getUpdates?offset=129756662&timeout=20 HTTP/1.1" 200 23
DEBUG:urllib3.connectionpool:https://api.telegram.org:443 "GET /bot5479085555:AAHAClosZ4WJBOzHYCj2OHP56yoyRDiQQRA/getUpdates?offset=129756662&timeout=20 HTTP/1.1" 200 23
DEBUG:urllib3.connectionpool:https://api.telegram.org:443 "GET /bot5479085555:AAHAClosZ4WJBOzHYCj2OHP56yoyRDiQQRA/getUpdates?offset=129756662&timeout=20 HTTP/1.1" 200 23
DEBUG:urllib3.connectionpool:https://api.telegram.org:443 "GET /bot5479085555:AAHAClosZ4WJBOzHYCj2OHP56yoyRDiQQRA/getUpdates?offset=129756662&timeout=20 HTTP/1.1" 200 23
DEBUG:urllib3.connectionpool:https://api.telegram.org:443 "GET /bot5479085555:AAHAClosZ4WJBOzHYCj2OHP56yoyRDiQQRA/getUpdates?offset=129756662&timeout=20 HTTP/1.1" 200 23
DEBUG:urllib3.connectionpool:https://api.telegram.org:443 "GET /bot5479085555:AAHAClosZ4WJBOzHYCj2OHP56yoyRDiQQRA/getUpdates?offset=129756662&timeout=20 HTTP/1.1" 200 23
DEBUG:urllib3.connectionpool:https://api.telegram.org:443 "GET /bot5479085555:AAHAClosZ4WJBOzHYCj2OHP56yoyRDiQQRA/getUpdates?offset=129756662&timeout=20 HTTP/1.1" 200 23
DEBUG:urllib3.connectionpool:https://api.telegram.org:443 "GET /bot5479085555:AAHAClosZ4WJBOzHYCj2OHP56yoyRDiQQRA/getUpdates?offset=129756662&timeout=20 HTTP/1.1" 200 23
DEBUG:urllib3.connectionpool:https://api.telegram.org:443 "GET /bot5479085555:AAHAClosZ4WJBOzHYCj2OHP56yoyRDiQQRA/getUpdates?offset=129756662&timeout=20 HTTP/1.1" 200 23
DEBUG:urllib3.connectionpool:https://api.telegram.org:443 "GET /bot5479085555:AAHAClosZ4WJBOzHYCj2OHP56yoyRDiQQRA/getUpdates?offset=129756662&timeout=20 HTTP/1.1" 200 23
DEBUG:urllib3.connectionpool:https://api.telegram.org:443 "GET /bot5479085555:AAHAClosZ4WJBOzHYCj2OHP56yoyRDiQQRA/getUpdates?offset=129756662&timeout=20 HTTP/1.1" 200 23
DEBUG:urllib3.connectionpool:Starting new HTTPS connection (1): api.telegram.org:443
DEBUG:urllib3.connectionpool:https://api.telegram.org:443 "GET /bot5479085555:AAHAClosZ4WJBOzHYCj2OHP56yoyRDiQQRA/getUpdates?offset=129756662&timeout=20 HTTP/1.1" 200 23
DEBUG:urllib3.connectionpool:https://api.telegram.org:443 "GET /bot5479085555:AAHAClosZ4WJBOzHYCj2OHP56yoyRDiQQRA/getUpdates?offset=129756662&timeout=20 HTTP/1.1" 200 23
DEBUG:urllib3.connectionpool:https://api.telegram.org:443 "GET /bot5479085555:AAHAClosZ4WJBOzHYCj2OHP56yoyRDiQQRA/getUpdates?offset=129756662&timeout=20 HTTP/1.1" 200 23
DEBUG:urllib3.connectionpool:https://api.telegram.org:443 "GET /bot5479085555:AAHAClosZ4WJBOzHYCj2OHP56yoyRDiQQRA/getUpdates?offset=129756662&timeout=20 HTTP/1.1" 200 23
DEBUG:urllib3.connectionpool:https://api.telegram.org:443 "GET /bot5479085555:AAHAClosZ4WJBOzHYCj2OHP56yoyRDiQQRA/getUpdates?offset=129756662&timeout=20 HTTP/1.1" 200 23
DEBUG:urllib3.connectionpool:https://api.telegram.org:443 "GET /bot5479085555:AAHAClosZ4WJBOzHYCj2OHP56yoyRDiQQRA/getUpdates?offset=129756662&timeout=20 HTTP/1.1" 200 23
DEBUG:urllib3.connectionpool:https://api.telegram.org:443 "GET /bot5479085555:AAHAClosZ4WJBOzHYCj2OHP56yoyRDiQQRA/getUpdates?offset=129756662&timeout=20 HTTP/1.1" 200 23
DEBUG:urllib3.connectionpool:https://api.telegram.org:443 "GET /bot5479085555:AAHAClosZ4WJBOzHYCj2OHP56yoyRDiQQRA/getUpdates?offset=129756662&timeout=20 HTTP/1.1" 200 23
DEBUG:urllib3.connectionpool:https://api.telegram.org:443 "GET /bot5479085555:AAHAClosZ4WJBOzHYCj2OHP56yoyRDiQQRA/getUpdates?offset=129756662&timeout=20 HTTP/1.1" 200 23
DEBUG:urllib3.connectionpool:https://api.telegram.org:443 "GET /bot5479085555:AAHAClosZ4WJBOzHYCj2OHP56yoyRDiQQRA/getUpdates?offset=129756662&timeout=20 HTTP/1.1" 200 23
DEBUG:urllib3.connectionpool:https://api.telegram.org:443 "GET /bot5479085555:AAHAClosZ4WJBOzHYCj2OHP56yoyRDiQQRA/getUpdates?offset=129756662&timeout=20 HTTP/1.1" 200 23
DEBUG:urllib3.connectionpool:https://api.telegram.org:443 "GET /bot5479085555:AAHAClosZ4WJBOzHYCj2OHP56yoyRDiQQRA/getUpdates?offset=129756662&timeout=20 HTTP/1.1" 200 23
DEBUG:urllib3.connectionpool:https://api.telegram.org:443 "GET /bot5479085555:AAHAClosZ4WJBOzHYCj2OHP56yoyRDiQQRA/getUpdates?offset=129756662&timeout=20 HTTP/1.1" 200 23
DEBUG:urllib3.connectionpool:https://api.telegram.org:443 "GET /bot5479085555:AAHAClosZ4WJBOzHYCj2OHP56yoyRDiQQRA/getUpdates?offset=129756662&timeout=20 HTTP/1.1" 200 23
DEBUG:urllib3.connectionpool:https://api.telegram.org:443 "GET /bot5479085555:AAHAClosZ4WJBOzHYCj2OHP56yoyRDiQQRA/getUpdates?offset=129756662&timeout=20 HTTP/1.1" 200 23
DEBUG:urllib3.connectionpool:https://api.telegram.org:443 "GET /bot5479085555:AAHAClosZ4WJBOzHYCj2OHP56yoyRDiQQRA/getUpdates?offset=129756662&timeout=20 HTTP/1.1" 200 23
DEBUG:urllib3.connectionpool:https://api.telegram.org:443 "GET /bot5479085555:AAHAClosZ4WJBOzHYCj2OHP56yoyRDiQQRA/getUpdates?offset=129756662&timeout=20 HTTP/1.1" 200 23
DEBUG:urllib3.connectionpool:https://api.telegram.org:443 "GET /bot5479085555:AAHAClosZ4WJBOzHYCj2OHP56yoyRDiQQRA/getUpdates?offset=129756662&timeout=20 HTTP/1.1" 200 23
DEBUG:urllib3.connectionpool:https://api.telegram.org:443 "GET /bot5479085555:AAHAClosZ4WJBOzHYCj2OHP56yoyRDiQQRA/getUpdates?offset=129756662&timeout=20 HTTP/1.1" 200 23
DEBUG:urllib3.connectionpool:https://api.telegram.org:443 "GET /bot5479085555:AAHAClosZ4WJBOzHYCj2OHP56yoyRDiQQRA/getUpdates?offset=129756662&timeout=20 HTTP/1.1" 200 23
DEBUG:urllib3.connectionpool:https://api.telegram.org:443 "GET /bot5479085555:AAHAClosZ4WJBOzHYCj2OHP56yoyRDiQQRA/getUpdates?offset=129756662&timeout=20 HTTP/1.1" 200 23
DEBUG:urllib3.connectionpool:https://api.telegram.org:443 "GET /bot5479085555:AAHAClosZ4WJBOzHYCj2OHP56yoyRDiQQRA/getUpdates?offset=129756662&timeout=20 HTTP/1.1" 200 23
